\BOOKMARK [0][-]{section*.1}{Thanks}{}% 1
\BOOKMARK [0][-]{section*.2}{Preface}{}% 2
\BOOKMARK [0][-]{section*.3}{Table\040of\040Contents}{}% 3
\BOOKMARK [0][-]{chapter.1}{1\040Systems\040of\040Linear\040Equations}{}% 4
\BOOKMARK [1][-]{section.1.1}{1.1\040Introduction\040to\040Linear\040Equations}{chapter.1}% 5
\BOOKMARK [1][-]{section.1.2}{1.2\040Using\040Matrices\040To\040Solve\040Systems\040of\040Linear\040Equations}{chapter.1}% 6
\BOOKMARK [1][-]{section.1.3}{1.3\040Elementary\040Row\040Operations\040and\040Gaussian\040Elimination}{chapter.1}% 7
\BOOKMARK [1][-]{section.1.4}{1.4\040Existence\040and\040Uniqueness\040of\040Solutions}{chapter.1}% 8
\BOOKMARK [1][-]{section.1.5}{1.5\040Applications\040of\040Linear\040Systems}{chapter.1}% 9
\BOOKMARK [0][-]{chapter.2}{2\040Matrix\040Arithmetic}{}% 10
\BOOKMARK [1][-]{section.2.1}{2.1\040Matrix\040Addition\040and\040Scalar\040Multiplication}{chapter.2}% 11
\BOOKMARK [1][-]{section.2.2}{2.2\040Matrix\040Multiplication}{chapter.2}% 12
\BOOKMARK [1][-]{section.2.3}{2.3\040Visualizing\040Matrix\040Arithmetic\040in\0402D}{chapter.2}% 13
\BOOKMARK [1][-]{section.2.4}{2.4\040Vector\040Solutions\040to\040Linear\040Systems}{chapter.2}% 14
\BOOKMARK [1][-]{section.2.5}{2.5\040Solving\040Matrix\040Equations\040AX=B}{chapter.2}% 15
\BOOKMARK [1][-]{section.2.6}{2.6\040The\040Matrix\040Inverse}{chapter.2}% 16
\BOOKMARK [1][-]{section.2.7}{2.7\040Properties\040of\040the\040Matrix\040Inverse}{chapter.2}% 17
\BOOKMARK [0][-]{chapter.3}{3\040Operations\040on\040Matrices}{}% 18
\BOOKMARK [1][-]{section.3.1}{3.1\040The\040Matrix\040Transpose}{chapter.3}% 19
\BOOKMARK [1][-]{section.3.2}{3.2\040The\040Matrix\040Trace}{chapter.3}% 20
\BOOKMARK [1][-]{section.3.3}{3.3\040The\040Determinant}{chapter.3}% 21
\BOOKMARK [1][-]{section.3.4}{3.4\040Properties\040of\040the\040Determinant}{chapter.3}% 22
\BOOKMARK [1][-]{section.3.5}{3.5\040Cramer's\040Rule}{chapter.3}% 23
\BOOKMARK [0][-]{chapter.4}{4\040Eigenvalues\040and\040Eigenvectors}{}% 24
\BOOKMARK [1][-]{section.4.1}{4.1\040Eigenvalues\040and\040Eigenvectors}{chapter.4}% 25
\BOOKMARK [1][-]{section.4.2}{4.2\040Properties\040of\040Eigenvalues\040and\040Eigenvectors}{chapter.4}% 26
\BOOKMARK [0][-]{chapter.5}{5\040Graphical\040Explorations\040of\040Vectors}{}% 27
\BOOKMARK [1][-]{section.5.1}{5.1\040Transformations\040of\040the\040Cartesian\040Plane}{chapter.5}% 28
\BOOKMARK [1][-]{section.5.2}{5.2\040Properties\040of\040Linear\040Transformations}{chapter.5}% 29
\BOOKMARK [1][-]{section.5.3}{5.3\040Visualizing\040Vectors:\040Vectors\040in\040Three\040Dimensions}{chapter.5}% 30
\BOOKMARK [0][-]{appendix.A}{A\040Solutions\040To\040Selected\040Problems}{}% 31
